<?xml version="1.0" encoding="UTF-8"?>
<testsuite xmlns:xsi="http://www.w3.org/2001/XMLSchema-instance" xsi:noNamespaceSchemaLocation="https://maven.apache.org/surefire/maven-surefire-plugin/xsd/surefire-test-report.xsd" name="com.gr.zuul.GrZuulApplicationTests" time="4.636" tests="1" errors="0" skipped="0" failures="0">
  <properties>
    <property name="sun.desktop" value="windows"/>
    <property name="awt.toolkit" value="sun.awt.windows.WToolkit"/>
    <property name="file.encoding.pkg" value="sun.io"/>
    <property name="java.specification.version" value="1.8"/>
    <property name="sun.cpu.isalist" value="amd64"/>
    <property name="sun.jnu.encoding" value="GBK"/>
    <property name="java.class.path" value="D:\idea 2019\project\gr_zuul\target\test-classes;D:\idea 2019\project\gr_zuul\target\classes;D:\idea 2019\repository\org\springframework\boot\spring-boot-starter-web\2.3.4.RELEASE\spring-boot-starter-web-2.3.4.RELEASE.jar;D:\idea 2019\repository\org\springframework\boot\spring-boot-starter\2.3.4.RELEASE\spring-boot-starter-2.3.4.RELEASE.jar;D:\idea 2019\repository\org\springframework\boot\spring-boot\2.3.4.RELEASE\spring-boot-2.3.4.RELEASE.jar;D:\idea 2019\repository\org\springframework\boot\spring-boot-autoconfigure\2.3.4.RELEASE\spring-boot-autoconfigure-2.3.4.RELEASE.jar;D:\idea 2019\repository\org\springframework\boot\spring-boot-starter-logging\2.3.4.RELEASE\spring-boot-starter-logging-2.3.4.RELEASE.jar;D:\idea 2019\repository\ch\qos\logback\logback-classic\1.2.3\logback-classic-1.2.3.jar;D:\idea 2019\repository\ch\qos\logback\logback-core\1.2.3\logback-core-1.2.3.jar;D:\idea 2019\repository\org\apache\logging\log4j\log4j-to-slf4j\2.13.3\log4j-to-slf4j-2.13.3.jar;D:\idea 2019\repository\org\apache\logging\log4j\log4j-api\2.13.3\log4j-api-2.13.3.jar;D:\idea 2019\repository\org\slf4j\jul-to-slf4j\1.7.30\jul-to-slf4j-1.7.30.jar;D:\idea 2019\repository\jakarta\annotation\jakarta.annotation-api\1.3.5\jakarta.annotation-api-1.3.5.jar;D:\idea 2019\repository\org\yaml\snakeyaml\1.26\snakeyaml-1.26.jar;D:\idea 2019\repository\org\springframework\boot\spring-boot-starter-json\2.3.4.RELEASE\spring-boot-starter-json-2.3.4.RELEASE.jar;D:\idea 2019\repository\com\fasterxml\jackson\core\jackson-databind\2.11.2\jackson-databind-2.11.2.jar;D:\idea 2019\repository\com\fasterxml\jackson\core\jackson-annotations\2.11.2\jackson-annotations-2.11.2.jar;D:\idea 2019\repository\com\fasterxml\jackson\core\jackson-core\2.11.2\jackson-core-2.11.2.jar;D:\idea 2019\repository\com\fasterxml\jackson\datatype\jackson-datatype-jdk8\2.11.2\jackson-datatype-jdk8-2.11.2.jar;D:\idea 2019\repository\com\fasterxml\jackson\datatype\jackson-datatype-jsr310\2.11.2\jackson-datatype-jsr310-2.11.2.jar;D:\idea 2019\repository\com\fasterxml\jackson\module\jackson-module-parameter-names\2.11.2\jackson-module-parameter-names-2.11.2.jar;D:\idea 2019\repository\org\springframework\boot\spring-boot-starter-tomcat\2.3.4.RELEASE\spring-boot-starter-tomcat-2.3.4.RELEASE.jar;D:\idea 2019\repository\org\apache\tomcat\embed\tomcat-embed-core\9.0.38\tomcat-embed-core-9.0.38.jar;D:\idea 2019\repository\org\glassfish\jakarta.el\3.0.3\jakarta.el-3.0.3.jar;D:\idea 2019\repository\org\apache\tomcat\embed\tomcat-embed-websocket\9.0.38\tomcat-embed-websocket-9.0.38.jar;D:\idea 2019\repository\org\springframework\spring-web\5.2.9.RELEASE\spring-web-5.2.9.RELEASE.jar;D:\idea 2019\repository\org\springframework\spring-beans\5.2.9.RELEASE\spring-beans-5.2.9.RELEASE.jar;D:\idea 2019\repository\org\springframework\spring-webmvc\5.2.9.RELEASE\spring-webmvc-5.2.9.RELEASE.jar;D:\idea 2019\repository\org\springframework\spring-aop\5.2.9.RELEASE\spring-aop-5.2.9.RELEASE.jar;D:\idea 2019\repository\org\springframework\spring-context\5.2.9.RELEASE\spring-context-5.2.9.RELEASE.jar;D:\idea 2019\repository\org\springframework\spring-expression\5.2.9.RELEASE\spring-expression-5.2.9.RELEASE.jar;D:\idea 2019\repository\org\springframework\cloud\spring-cloud-starter-netflix-ribbon\2.2.5.RELEASE\spring-cloud-starter-netflix-ribbon-2.2.5.RELEASE.jar;D:\idea 2019\repository\org\springframework\cloud\spring-cloud-starter\2.2.5.RELEASE\spring-cloud-starter-2.2.5.RELEASE.jar;D:\idea 2019\repository\org\springframework\cloud\spring-cloud-context\2.2.5.RELEASE\spring-cloud-context-2.2.5.RELEASE.jar;D:\idea 2019\repository\org\springframework\security\spring-security-crypto\5.3.4.RELEASE\spring-security-crypto-5.3.4.RELEASE.jar;D:\idea 2019\repository\org\springframework\cloud\spring-cloud-commons\2.2.5.RELEASE\spring-cloud-commons-2.2.5.RELEASE.jar;D:\idea 2019\repository\org\springframework\security\spring-security-rsa\1.0.9.RELEASE\spring-security-rsa-1.0.9.RELEASE.jar;D:\idea 2019\repository\org\bouncycastle\bcpkix-jdk15on\1.64\bcpkix-jdk15on-1.64.jar;D:\idea 2019\repository\org\bouncycastle\bcprov-jdk15on\1.64\bcprov-jdk15on-1.64.jar;D:\idea 2019\repository\org\springframework\cloud\spring-cloud-netflix-ribbon\2.2.5.RELEASE\spring-cloud-netflix-ribbon-2.2.5.RELEASE.jar;D:\idea 2019\repository\org\springframework\cloud\spring-cloud-netflix-archaius\2.2.5.RELEASE\spring-cloud-netflix-archaius-2.2.5.RELEASE.jar;D:\idea 2019\repository\org\springframework\cloud\spring-cloud-starter-netflix-archaius\2.2.5.RELEASE\spring-cloud-starter-netflix-archaius-2.2.5.RELEASE.jar;D:\idea 2019\repository\com\netflix\archaius\archaius-core\0.7.6\archaius-core-0.7.6.jar;D:\idea 2019\repository\com\google\code\findbugs\jsr305\3.0.1\jsr305-3.0.1.jar;D:\idea 2019\repository\commons-configuration\commons-configuration\1.8\commons-configuration-1.8.jar;D:\idea 2019\repository\com\netflix\ribbon\ribbon\2.3.0\ribbon-2.3.0.jar;D:\idea 2019\repository\com\netflix\ribbon\ribbon-transport\2.3.0\ribbon-transport-2.3.0.jar;D:\idea 2019\repository\io\reactivex\rxnetty-contexts\0.4.9\rxnetty-contexts-0.4.9.jar;D:\idea 2019\repository\io\reactivex\rxnetty-servo\0.4.9\rxnetty-servo-0.4.9.jar;D:\idea 2019\repository\com\netflix\hystrix\hystrix-core\1.5.18\hystrix-core-1.5.18.jar;D:\idea 2019\repository\javax\inject\javax.inject\1\javax.inject-1.jar;D:\idea 2019\repository\io\reactivex\rxnetty\0.4.9\rxnetty-0.4.9.jar;D:\idea 2019\repository\com\google\guava\guava\29.0-jre\guava-29.0-jre.jar;D:\idea 2019\repository\com\google\guava\failureaccess\1.0.1\failureaccess-1.0.1.jar;D:\idea 2019\repository\com\google\guava\listenablefuture\9999.0-empty-to-avoid-conflict-with-guava\listenablefuture-9999.0-empty-to-avoid-conflict-with-guava.jar;D:\idea 2019\repository\org\checkerframework\checker-qual\2.11.1\checker-qual-2.11.1.jar;D:\idea 2019\repository\com\google\errorprone\error_prone_annotations\2.3.4\error_prone_annotations-2.3.4.jar;D:\idea 2019\repository\com\google\j2objc\j2objc-annotations\1.3\j2objc-annotations-1.3.jar;D:\idea 2019\repository\com\netflix\ribbon\ribbon-core\2.3.0\ribbon-core-2.3.0.jar;D:\idea 2019\repository\org\slf4j\slf4j-api\1.7.30\slf4j-api-1.7.30.jar;D:\idea 2019\repository\commons-lang\commons-lang\2.6\commons-lang-2.6.jar;D:\idea 2019\repository\com\netflix\ribbon\ribbon-httpclient\2.3.0\ribbon-httpclient-2.3.0.jar;D:\idea 2019\repository\commons-collections\commons-collections\3.2.2\commons-collections-3.2.2.jar;D:\idea 2019\repository\org\apache\httpcomponents\httpclient\4.5.12\httpclient-4.5.12.jar;D:\idea 2019\repository\org\apache\httpcomponents\httpcore\4.4.13\httpcore-4.4.13.jar;D:\idea 2019\repository\commons-codec\commons-codec\1.14\commons-codec-1.14.jar;D:\idea 2019\repository\com\sun\jersey\jersey-client\1.19.1\jersey-client-1.19.1.jar;D:\idea 2019\repository\com\sun\jersey\jersey-core\1.19.1\jersey-core-1.19.1.jar;D:\idea 2019\repository\javax\ws\rs\jsr311-api\1.1.1\jsr311-api-1.1.1.jar;D:\idea 2019\repository\com\sun\jersey\contribs\jersey-apache-client4\1.19.1\jersey-apache-client4-1.19.1.jar;D:\idea 2019\repository\com\netflix\servo\servo-core\0.12.21\servo-core-0.12.21.jar;D:\idea 2019\repository\com\netflix\netflix-commons\netflix-commons-util\0.3.0\netflix-commons-util-0.3.0.jar;D:\idea 2019\repository\com\netflix\ribbon\ribbon-loadbalancer\2.3.0\ribbon-loadbalancer-2.3.0.jar;D:\idea 2019\repository\com\netflix\netflix-commons\netflix-statistics\0.1.1\netflix-statistics-0.1.1.jar;D:\idea 2019\repository\io\reactivex\rxjava\1.3.8\rxjava-1.3.8.jar;D:\idea 2019\repository\org\springframework\cloud\spring-cloud-starter-netflix-zuul\2.2.5.RELEASE\spring-cloud-starter-netflix-zuul-2.2.5.RELEASE.jar;D:\idea 2019\repository\org\springframework\cloud\spring-cloud-netflix-zuul\2.2.5.RELEASE\spring-cloud-netflix-zuul-2.2.5.RELEASE.jar;D:\idea 2019\repository\org\springframework\cloud\spring-cloud-netflix-hystrix\2.2.5.RELEASE\spring-cloud-netflix-hystrix-2.2.5.RELEASE.jar;D:\idea 2019\repository\org\springframework\boot\spring-boot-starter-aop\2.3.4.RELEASE\spring-boot-starter-aop-2.3.4.RELEASE.jar;D:\idea 2019\repository\org\springframework\cloud\spring-cloud-starter-netflix-hystrix\2.2.5.RELEASE\spring-cloud-starter-netflix-hystrix-2.2.5.RELEASE.jar;D:\idea 2019\repository\com\netflix\hystrix\hystrix-serialization\1.5.18\hystrix-serialization-1.5.18.jar;D:\idea 2019\repository\com\fasterxml\jackson\module\jackson-module-afterburner\2.11.2\jackson-module-afterburner-2.11.2.jar;D:\idea 2019\repository\com\netflix\hystrix\hystrix-metrics-event-stream\1.5.18\hystrix-metrics-event-stream-1.5.18.jar;D:\idea 2019\repository\com\netflix\hystrix\hystrix-javanica\1.5.18\hystrix-javanica-1.5.18.jar;D:\idea 2019\repository\org\apache\commons\commons-lang3\3.10\commons-lang3-3.10.jar;D:\idea 2019\repository\org\ow2\asm\asm\5.0.4\asm-5.0.4.jar;D:\idea 2019\repository\org\aspectj\aspectjweaver\1.9.6\aspectjweaver-1.9.6.jar;D:\idea 2019\repository\io\reactivex\rxjava-reactive-streams\1.2.1\rxjava-reactive-streams-1.2.1.jar;D:\idea 2019\repository\org\reactivestreams\reactive-streams\1.0.3\reactive-streams-1.0.3.jar;D:\idea 2019\repository\com\netflix\zuul\zuul-core\1.3.1\zuul-core-1.3.1.jar;D:\idea 2019\repository\commons-io\commons-io\2.4\commons-io-2.4.jar;D:\idea 2019\repository\org\springframework\boot\spring-boot-starter-actuator\2.3.4.RELEASE\spring-boot-starter-actuator-2.3.4.RELEASE.jar;D:\idea 2019\repository\org\springframework\boot\spring-boot-actuator-autoconfigure\2.3.4.RELEASE\spring-boot-actuator-autoconfigure-2.3.4.RELEASE.jar;D:\idea 2019\repository\org\springframework\boot\spring-boot-actuator\2.3.4.RELEASE\spring-boot-actuator-2.3.4.RELEASE.jar;D:\idea 2019\repository\io\micrometer\micrometer-core\1.5.5\micrometer-core-1.5.5.jar;D:\idea 2019\repository\org\hdrhistogram\HdrHistogram\2.1.12\HdrHistogram-2.1.12.jar;D:\idea 2019\repository\org\latencyutils\LatencyUtils\2.0.3\LatencyUtils-2.0.3.jar;D:\idea 2019\repository\org\springframework\boot\spring-boot-starter-test\2.3.4.RELEASE\spring-boot-starter-test-2.3.4.RELEASE.jar;D:\idea 2019\repository\org\springframework\boot\spring-boot-test\2.3.4.RELEASE\spring-boot-test-2.3.4.RELEASE.jar;D:\idea 2019\repository\org\springframework\boot\spring-boot-test-autoconfigure\2.3.4.RELEASE\spring-boot-test-autoconfigure-2.3.4.RELEASE.jar;D:\idea 2019\repository\com\jayway\jsonpath\json-path\2.4.0\json-path-2.4.0.jar;D:\idea 2019\repository\net\minidev\json-smart\2.3\json-smart-2.3.jar;D:\idea 2019\repository\net\minidev\accessors-smart\1.2\accessors-smart-1.2.jar;D:\idea 2019\repository\jakarta\xml\bind\jakarta.xml.bind-api\2.3.3\jakarta.xml.bind-api-2.3.3.jar;D:\idea 2019\repository\jakarta\activation\jakarta.activation-api\1.2.2\jakarta.activation-api-1.2.2.jar;D:\idea 2019\repository\org\assertj\assertj-core\3.16.1\assertj-core-3.16.1.jar;D:\idea 2019\repository\org\hamcrest\hamcrest\2.2\hamcrest-2.2.jar;D:\idea 2019\repository\org\junit\jupiter\junit-jupiter\5.6.2\junit-jupiter-5.6.2.jar;D:\idea 2019\repository\org\junit\jupiter\junit-jupiter-api\5.6.2\junit-jupiter-api-5.6.2.jar;D:\idea 2019\repository\org\apiguardian\apiguardian-api\1.1.0\apiguardian-api-1.1.0.jar;D:\idea 2019\repository\org\opentest4j\opentest4j\1.2.0\opentest4j-1.2.0.jar;D:\idea 2019\repository\org\junit\platform\junit-platform-commons\1.6.2\junit-platform-commons-1.6.2.jar;D:\idea 2019\repository\org\junit\jupiter\junit-jupiter-params\5.6.2\junit-jupiter-params-5.6.2.jar;D:\idea 2019\repository\org\junit\jupiter\junit-jupiter-engine\5.6.2\junit-jupiter-engine-5.6.2.jar;D:\idea 2019\repository\org\junit\platform\junit-platform-engine\1.6.2\junit-platform-engine-1.6.2.jar;D:\idea 2019\repository\org\mockito\mockito-core\3.3.3\mockito-core-3.3.3.jar;D:\idea 2019\repository\net\bytebuddy\byte-buddy\1.10.14\byte-buddy-1.10.14.jar;D:\idea 2019\repository\net\bytebuddy\byte-buddy-agent\1.10.14\byte-buddy-agent-1.10.14.jar;D:\idea 2019\repository\org\objenesis\objenesis\2.6\objenesis-2.6.jar;D:\idea 2019\repository\org\mockito\mockito-junit-jupiter\3.3.3\mockito-junit-jupiter-3.3.3.jar;D:\idea 2019\repository\org\skyscreamer\jsonassert\1.5.0\jsonassert-1.5.0.jar;D:\idea 2019\repository\com\vaadin\external\google\android-json\0.0.20131108.vaadin1\android-json-0.0.20131108.vaadin1.jar;D:\idea 2019\repository\org\springframework\spring-core\5.2.9.RELEASE\spring-core-5.2.9.RELEASE.jar;D:\idea 2019\repository\org\springframework\spring-jcl\5.2.9.RELEASE\spring-jcl-5.2.9.RELEASE.jar;D:\idea 2019\repository\org\springframework\spring-test\5.2.9.RELEASE\spring-test-5.2.9.RELEASE.jar;D:\idea 2019\repository\org\xmlunit\xmlunit-core\2.7.0\xmlunit-core-2.7.0.jar;"/>
    <property name="java.vm.vendor" value="Oracle Corporation"/>
    <property name="sun.arch.data.model" value="64"/>
    <property name="user.variant" value=""/>
    <property name="java.vendor.url" value="http://java.oracle.com/"/>
    <property name="user.timezone" value="Asia/Shanghai"/>
    <property name="java.vm.specification.version" value="1.8"/>
    <property name="os.name" value="Windows 8.1"/>
    <property name="user.country" value="CN"/>
    <property name="sun.java.launcher" value="SUN_STANDARD"/>
    <property name="sun.boot.library.path" value="D:\ToolsFiels\jdk1.8.0\jre\bin"/>
    <property name="sun.java.command" value="C:\Users\Lang\AppData\Local\Temp\surefire7898948584974063503\surefirebooter2922274389394968983.jar C:\Users\Lang\AppData\Local\Temp\surefire7898948584974063503 2020-09-25T15-26-38_145-jvmRun1 surefire6056254115448726873tmp surefire_05346407960899040434tmp"/>
    <property name="surefire.test.class.path" value="D:\idea 2019\project\gr_zuul\target\test-classes;D:\idea 2019\project\gr_zuul\target\classes;D:\idea 2019\repository\org\springframework\boot\spring-boot-starter-web\2.3.4.RELEASE\spring-boot-starter-web-2.3.4.RELEASE.jar;D:\idea 2019\repository\org\springframework\boot\spring-boot-starter\2.3.4.RELEASE\spring-boot-starter-2.3.4.RELEASE.jar;D:\idea 2019\repository\org\springframework\boot\spring-boot\2.3.4.RELEASE\spring-boot-2.3.4.RELEASE.jar;D:\idea 2019\repository\org\springframework\boot\spring-boot-autoconfigure\2.3.4.RELEASE\spring-boot-autoconfigure-2.3.4.RELEASE.jar;D:\idea 2019\repository\org\springframework\boot\spring-boot-starter-logging\2.3.4.RELEASE\spring-boot-starter-logging-2.3.4.RELEASE.jar;D:\idea 2019\repository\ch\qos\logback\logback-classic\1.2.3\logback-classic-1.2.3.jar;D:\idea 2019\repository\ch\qos\logback\logback-core\1.2.3\logback-core-1.2.3.jar;D:\idea 2019\repository\org\apache\logging\log4j\log4j-to-slf4j\2.13.3\log4j-to-slf4j-2.13.3.jar;D:\idea 2019\repository\org\apache\logging\log4j\log4j-api\2.13.3\log4j-api-2.13.3.jar;D:\idea 2019\repository\org\slf4j\jul-to-slf4j\1.7.30\jul-to-slf4j-1.7.30.jar;D:\idea 2019\repository\jakarta\annotation\jakarta.annotation-api\1.3.5\jakarta.annotation-api-1.3.5.jar;D:\idea 2019\repository\org\yaml\snakeyaml\1.26\snakeyaml-1.26.jar;D:\idea 2019\repository\org\springframework\boot\spring-boot-starter-json\2.3.4.RELEASE\spring-boot-starter-json-2.3.4.RELEASE.jar;D:\idea 2019\repository\com\fasterxml\jackson\core\jackson-databind\2.11.2\jackson-databind-2.11.2.jar;D:\idea 2019\repository\com\fasterxml\jackson\core\jackson-annotations\2.11.2\jackson-annotations-2.11.2.jar;D:\idea 2019\repository\com\fasterxml\jackson\core\jackson-core\2.11.2\jackson-core-2.11.2.jar;D:\idea 2019\repository\com\fasterxml\jackson\datatype\jackson-datatype-jdk8\2.11.2\jackson-datatype-jdk8-2.11.2.jar;D:\idea 2019\repository\com\fasterxml\jackson\datatype\jackson-datatype-jsr310\2.11.2\jackson-datatype-jsr310-2.11.2.jar;D:\idea 2019\repository\com\fasterxml\jackson\module\jackson-module-parameter-names\2.11.2\jackson-module-parameter-names-2.11.2.jar;D:\idea 2019\repository\org\springframework\boot\spring-boot-starter-tomcat\2.3.4.RELEASE\spring-boot-starter-tomcat-2.3.4.RELEASE.jar;D:\idea 2019\repository\org\apache\tomcat\embed\tomcat-embed-core\9.0.38\tomcat-embed-core-9.0.38.jar;D:\idea 2019\repository\org\glassfish\jakarta.el\3.0.3\jakarta.el-3.0.3.jar;D:\idea 2019\repository\org\apache\tomcat\embed\tomcat-embed-websocket\9.0.38\tomcat-embed-websocket-9.0.38.jar;D:\idea 2019\repository\org\springframework\spring-web\5.2.9.RELEASE\spring-web-5.2.9.RELEASE.jar;D:\idea 2019\repository\org\springframework\spring-beans\5.2.9.RELEASE\spring-beans-5.2.9.RELEASE.jar;D:\idea 2019\repository\org\springframework\spring-webmvc\5.2.9.RELEASE\spring-webmvc-5.2.9.RELEASE.jar;D:\idea 2019\repository\org\springframework\spring-aop\5.2.9.RELEASE\spring-aop-5.2.9.RELEASE.jar;D:\idea 2019\repository\org\springframework\spring-context\5.2.9.RELEASE\spring-context-5.2.9.RELEASE.jar;D:\idea 2019\repository\org\springframework\spring-expression\5.2.9.RELEASE\spring-expression-5.2.9.RELEASE.jar;D:\idea 2019\repository\org\springframework\cloud\spring-cloud-starter-netflix-ribbon\2.2.5.RELEASE\spring-cloud-starter-netflix-ribbon-2.2.5.RELEASE.jar;D:\idea 2019\repository\org\springframework\cloud\spring-cloud-starter\2.2.5.RELEASE\spring-cloud-starter-2.2.5.RELEASE.jar;D:\idea 2019\repository\org\springframework\cloud\spring-cloud-context\2.2.5.RELEASE\spring-cloud-context-2.2.5.RELEASE.jar;D:\idea 2019\repository\org\springframework\security\spring-security-crypto\5.3.4.RELEASE\spring-security-crypto-5.3.4.RELEASE.jar;D:\idea 2019\repository\org\springframework\cloud\spring-cloud-commons\2.2.5.RELEASE\spring-cloud-commons-2.2.5.RELEASE.jar;D:\idea 2019\repository\org\springframework\security\spring-security-rsa\1.0.9.RELEASE\spring-security-rsa-1.0.9.RELEASE.jar;D:\idea 2019\repository\org\bouncycastle\bcpkix-jdk15on\1.64\bcpkix-jdk15on-1.64.jar;D:\idea 2019\repository\org\bouncycastle\bcprov-jdk15on\1.64\bcprov-jdk15on-1.64.jar;D:\idea 2019\repository\org\springframework\cloud\spring-cloud-netflix-ribbon\2.2.5.RELEASE\spring-cloud-netflix-ribbon-2.2.5.RELEASE.jar;D:\idea 2019\repository\org\springframework\cloud\spring-cloud-netflix-archaius\2.2.5.RELEASE\spring-cloud-netflix-archaius-2.2.5.RELEASE.jar;D:\idea 2019\repository\org\springframework\cloud\spring-cloud-starter-netflix-archaius\2.2.5.RELEASE\spring-cloud-starter-netflix-archaius-2.2.5.RELEASE.jar;D:\idea 2019\repository\com\netflix\archaius\archaius-core\0.7.6\archaius-core-0.7.6.jar;D:\idea 2019\repository\com\google\code\findbugs\jsr305\3.0.1\jsr305-3.0.1.jar;D:\idea 2019\repository\commons-configuration\commons-configuration\1.8\commons-configuration-1.8.jar;D:\idea 2019\repository\com\netflix\ribbon\ribbon\2.3.0\ribbon-2.3.0.jar;D:\idea 2019\repository\com\netflix\ribbon\ribbon-transport\2.3.0\ribbon-transport-2.3.0.jar;D:\idea 2019\repository\io\reactivex\rxnetty-contexts\0.4.9\rxnetty-contexts-0.4.9.jar;D:\idea 2019\repository\io\reactivex\rxnetty-servo\0.4.9\rxnetty-servo-0.4.9.jar;D:\idea 2019\repository\com\netflix\hystrix\hystrix-core\1.5.18\hystrix-core-1.5.18.jar;D:\idea 2019\repository\javax\inject\javax.inject\1\javax.inject-1.jar;D:\idea 2019\repository\io\reactivex\rxnetty\0.4.9\rxnetty-0.4.9.jar;D:\idea 2019\repository\com\google\guava\guava\29.0-jre\guava-29.0-jre.jar;D:\idea 2019\repository\com\google\guava\failureaccess\1.0.1\failureaccess-1.0.1.jar;D:\idea 2019\repository\com\google\guava\listenablefuture\9999.0-empty-to-avoid-conflict-with-guava\listenablefuture-9999.0-empty-to-avoid-conflict-with-guava.jar;D:\idea 2019\repository\org\checkerframework\checker-qual\2.11.1\checker-qual-2.11.1.jar;D:\idea 2019\repository\com\google\errorprone\error_prone_annotations\2.3.4\error_prone_annotations-2.3.4.jar;D:\idea 2019\repository\com\google\j2objc\j2objc-annotations\1.3\j2objc-annotations-1.3.jar;D:\idea 2019\repository\com\netflix\ribbon\ribbon-core\2.3.0\ribbon-core-2.3.0.jar;D:\idea 2019\repository\org\slf4j\slf4j-api\1.7.30\slf4j-api-1.7.30.jar;D:\idea 2019\repository\commons-lang\commons-lang\2.6\commons-lang-2.6.jar;D:\idea 2019\repository\com\netflix\ribbon\ribbon-httpclient\2.3.0\ribbon-httpclient-2.3.0.jar;D:\idea 2019\repository\commons-collections\commons-collections\3.2.2\commons-collections-3.2.2.jar;D:\idea 2019\repository\org\apache\httpcomponents\httpclient\4.5.12\httpclient-4.5.12.jar;D:\idea 2019\repository\org\apache\httpcomponents\httpcore\4.4.13\httpcore-4.4.13.jar;D:\idea 2019\repository\commons-codec\commons-codec\1.14\commons-codec-1.14.jar;D:\idea 2019\repository\com\sun\jersey\jersey-client\1.19.1\jersey-client-1.19.1.jar;D:\idea 2019\repository\com\sun\jersey\jersey-core\1.19.1\jersey-core-1.19.1.jar;D:\idea 2019\repository\javax\ws\rs\jsr311-api\1.1.1\jsr311-api-1.1.1.jar;D:\idea 2019\repository\com\sun\jersey\contribs\jersey-apache-client4\1.19.1\jersey-apache-client4-1.19.1.jar;D:\idea 2019\repository\com\netflix\servo\servo-core\0.12.21\servo-core-0.12.21.jar;D:\idea 2019\repository\com\netflix\netflix-commons\netflix-commons-util\0.3.0\netflix-commons-util-0.3.0.jar;D:\idea 2019\repository\com\netflix\ribbon\ribbon-loadbalancer\2.3.0\ribbon-loadbalancer-2.3.0.jar;D:\idea 2019\repository\com\netflix\netflix-commons\netflix-statistics\0.1.1\netflix-statistics-0.1.1.jar;D:\idea 2019\repository\io\reactivex\rxjava\1.3.8\rxjava-1.3.8.jar;D:\idea 2019\repository\org\springframework\cloud\spring-cloud-starter-netflix-zuul\2.2.5.RELEASE\spring-cloud-starter-netflix-zuul-2.2.5.RELEASE.jar;D:\idea 2019\repository\org\springframework\cloud\spring-cloud-netflix-zuul\2.2.5.RELEASE\spring-cloud-netflix-zuul-2.2.5.RELEASE.jar;D:\idea 2019\repository\org\springframework\cloud\spring-cloud-netflix-hystrix\2.2.5.RELEASE\spring-cloud-netflix-hystrix-2.2.5.RELEASE.jar;D:\idea 2019\repository\org\springframework\boot\spring-boot-starter-aop\2.3.4.RELEASE\spring-boot-starter-aop-2.3.4.RELEASE.jar;D:\idea 2019\repository\org\springframework\cloud\spring-cloud-starter-netflix-hystrix\2.2.5.RELEASE\spring-cloud-starter-netflix-hystrix-2.2.5.RELEASE.jar;D:\idea 2019\repository\com\netflix\hystrix\hystrix-serialization\1.5.18\hystrix-serialization-1.5.18.jar;D:\idea 2019\repository\com\fasterxml\jackson\module\jackson-module-afterburner\2.11.2\jackson-module-afterburner-2.11.2.jar;D:\idea 2019\repository\com\netflix\hystrix\hystrix-metrics-event-stream\1.5.18\hystrix-metrics-event-stream-1.5.18.jar;D:\idea 2019\repository\com\netflix\hystrix\hystrix-javanica\1.5.18\hystrix-javanica-1.5.18.jar;D:\idea 2019\repository\org\apache\commons\commons-lang3\3.10\commons-lang3-3.10.jar;D:\idea 2019\repository\org\ow2\asm\asm\5.0.4\asm-5.0.4.jar;D:\idea 2019\repository\org\aspectj\aspectjweaver\1.9.6\aspectjweaver-1.9.6.jar;D:\idea 2019\repository\io\reactivex\rxjava-reactive-streams\1.2.1\rxjava-reactive-streams-1.2.1.jar;D:\idea 2019\repository\org\reactivestreams\reactive-streams\1.0.3\reactive-streams-1.0.3.jar;D:\idea 2019\repository\com\netflix\zuul\zuul-core\1.3.1\zuul-core-1.3.1.jar;D:\idea 2019\repository\commons-io\commons-io\2.4\commons-io-2.4.jar;D:\idea 2019\repository\org\springframework\boot\spring-boot-starter-actuator\2.3.4.RELEASE\spring-boot-starter-actuator-2.3.4.RELEASE.jar;D:\idea 2019\repository\org\springframework\boot\spring-boot-actuator-autoconfigure\2.3.4.RELEASE\spring-boot-actuator-autoconfigure-2.3.4.RELEASE.jar;D:\idea 2019\repository\org\springframework\boot\spring-boot-actuator\2.3.4.RELEASE\spring-boot-actuator-2.3.4.RELEASE.jar;D:\idea 2019\repository\io\micrometer\micrometer-core\1.5.5\micrometer-core-1.5.5.jar;D:\idea 2019\repository\org\hdrhistogram\HdrHistogram\2.1.12\HdrHistogram-2.1.12.jar;D:\idea 2019\repository\org\latencyutils\LatencyUtils\2.0.3\LatencyUtils-2.0.3.jar;D:\idea 2019\repository\org\springframework\boot\spring-boot-starter-test\2.3.4.RELEASE\spring-boot-starter-test-2.3.4.RELEASE.jar;D:\idea 2019\repository\org\springframework\boot\spring-boot-test\2.3.4.RELEASE\spring-boot-test-2.3.4.RELEASE.jar;D:\idea 2019\repository\org\springframework\boot\spring-boot-test-autoconfigure\2.3.4.RELEASE\spring-boot-test-autoconfigure-2.3.4.RELEASE.jar;D:\idea 2019\repository\com\jayway\jsonpath\json-path\2.4.0\json-path-2.4.0.jar;D:\idea 2019\repository\net\minidev\json-smart\2.3\json-smart-2.3.jar;D:\idea 2019\repository\net\minidev\accessors-smart\1.2\accessors-smart-1.2.jar;D:\idea 2019\repository\jakarta\xml\bind\jakarta.xml.bind-api\2.3.3\jakarta.xml.bind-api-2.3.3.jar;D:\idea 2019\repository\jakarta\activation\jakarta.activation-api\1.2.2\jakarta.activation-api-1.2.2.jar;D:\idea 2019\repository\org\assertj\assertj-core\3.16.1\assertj-core-3.16.1.jar;D:\idea 2019\repository\org\hamcrest\hamcrest\2.2\hamcrest-2.2.jar;D:\idea 2019\repository\org\junit\jupiter\junit-jupiter\5.6.2\junit-jupiter-5.6.2.jar;D:\idea 2019\repository\org\junit\jupiter\junit-jupiter-api\5.6.2\junit-jupiter-api-5.6.2.jar;D:\idea 2019\repository\org\apiguardian\apiguardian-api\1.1.0\apiguardian-api-1.1.0.jar;D:\idea 2019\repository\org\opentest4j\opentest4j\1.2.0\opentest4j-1.2.0.jar;D:\idea 2019\repository\org\junit\platform\junit-platform-commons\1.6.2\junit-platform-commons-1.6.2.jar;D:\idea 2019\repository\org\junit\jupiter\junit-jupiter-params\5.6.2\junit-jupiter-params-5.6.2.jar;D:\idea 2019\repository\org\junit\jupiter\junit-jupiter-engine\5.6.2\junit-jupiter-engine-5.6.2.jar;D:\idea 2019\repository\org\junit\platform\junit-platform-engine\1.6.2\junit-platform-engine-1.6.2.jar;D:\idea 2019\repository\org\mockito\mockito-core\3.3.3\mockito-core-3.3.3.jar;D:\idea 2019\repository\net\bytebuddy\byte-buddy\1.10.14\byte-buddy-1.10.14.jar;D:\idea 2019\repository\net\bytebuddy\byte-buddy-agent\1.10.14\byte-buddy-agent-1.10.14.jar;D:\idea 2019\repository\org\objenesis\objenesis\2.6\objenesis-2.6.jar;D:\idea 2019\repository\org\mockito\mockito-junit-jupiter\3.3.3\mockito-junit-jupiter-3.3.3.jar;D:\idea 2019\repository\org\skyscreamer\jsonassert\1.5.0\jsonassert-1.5.0.jar;D:\idea 2019\repository\com\vaadin\external\google\android-json\0.0.20131108.vaadin1\android-json-0.0.20131108.vaadin1.jar;D:\idea 2019\repository\org\springframework\spring-core\5.2.9.RELEASE\spring-core-5.2.9.RELEASE.jar;D:\idea 2019\repository\org\springframework\spring-jcl\5.2.9.RELEASE\spring-jcl-5.2.9.RELEASE.jar;D:\idea 2019\repository\org\springframework\spring-test\5.2.9.RELEASE\spring-test-5.2.9.RELEASE.jar;D:\idea 2019\repository\org\xmlunit\xmlunit-core\2.7.0\xmlunit-core-2.7.0.jar;"/>
    <property name="sun.cpu.endian" value="little"/>
    <property name="user.home" value="C:\Users\Lang"/>
    <property name="user.language" value="zh"/>
    <property name="java.specification.vendor" value="Oracle Corporation"/>
    <property name="java.home" value="D:\ToolsFiels\jdk1.8.0\jre"/>
    <property name="basedir" value="D:\idea 2019\project\gr_zuul"/>
    <property name="file.separator" value="\"/>
    <property name="line.separator" value="&#10;"/>
    <property name="java.vm.specification.vendor" value="Oracle Corporation"/>
    <property name="java.specification.name" value="Java Platform API Specification"/>
    <property name="java.awt.graphicsenv" value="sun.awt.Win32GraphicsEnvironment"/>
    <property name="surefire.real.class.path" value="C:\Users\Lang\AppData\Local\Temp\surefire7898948584974063503\surefirebooter2922274389394968983.jar"/>
    <property name="sun.boot.class.path" value="D:\ToolsFiels\jdk1.8.0\jre\lib\resources.jar;D:\ToolsFiels\jdk1.8.0\jre\lib\rt.jar;D:\ToolsFiels\jdk1.8.0\jre\lib\sunrsasign.jar;D:\ToolsFiels\jdk1.8.0\jre\lib\jsse.jar;D:\ToolsFiels\jdk1.8.0\jre\lib\jce.jar;D:\ToolsFiels\jdk1.8.0\jre\lib\charsets.jar;D:\ToolsFiels\jdk1.8.0\jre\lib\jfr.jar;D:\ToolsFiels\jdk1.8.0\jre\classes"/>
    <property name="user.script" value=""/>
    <property name="sun.management.compiler" value="HotSpot 64-Bit Tiered Compilers"/>
    <property name="java.runtime.version" value="1.8.0-b132"/>
    <property name="user.name" value="Lang"/>
    <property name="path.separator" value=";"/>
    <property name="os.version" value="6.3"/>
    <property name="java.endorsed.dirs" value="D:\ToolsFiels\jdk1.8.0\jre\lib\endorsed"/>
    <property name="java.runtime.name" value="Java(TM) SE Runtime Environment"/>
    <property name="file.encoding" value="GBK"/>
    <property name="java.vm.name" value="Java HotSpot(TM) 64-Bit Server VM"/>
    <property name="localRepository" value="D:\idea 2019\repository"/>
    <property name="java.vendor.url.bug" value="http://bugreport.sun.com/bugreport/"/>
    <property name="java.io.tmpdir" value="C:\Users\Lang\AppData\Local\Temp\"/>
    <property name="java.version" value="1.8.0"/>
    <property name="user.dir" value="D:\idea 2019\project\gr_zuul"/>
    <property name="os.arch" value="amd64"/>
    <property name="java.vm.specification.name" value="Java Virtual Machine Specification"/>
    <property name="java.awt.printerjob" value="sun.awt.windows.WPrinterJob"/>
    <property name="sun.os.patch.level" value=""/>
    <property name="idea.version2019.3.4" value="true"/>
    <property name="java.library.path" value="D:\ToolsFiels\jdk1.8.0\jre\bin;C:\WINDOWS\Sun\Java\bin;C:\WINDOWS\system32;C:\WINDOWS;D:\ToolsFiels\xshell6\;D:\db\oracle\product\10.2.0\db_1\bin;C:\Program Files (x86)\Intel\iCLS Client\;C:\Program Files\Intel\iCLS Client\;C:\Windows\system32;C:\Windows;C:\Windows\System32\Wbem;C:\Windows\System32\WindowsPowerShell\v1.0\;C:\Program Files (x86)\NVIDIA Corporation\PhysX\Common;C:\Program Files (x86)\Intel\Intel(R) Management Engine Components\DAL;C:\Program Files\Intel\Intel(R) Management Engine Components\DAL;C:\Program Files (x86)\Intel\Intel(R) Management Engine Components\IPT;C:\Program Files\Intel\Intel(R) Management Engine Components\IPT;D:\ToolsFiels\jdk1.8.0\bin;D:\ToolsFiels\jdk1.8.0\jre\bin;D:\idea 2019\apache-maven-3.6.3\bin;D:\project\Test\Nginx_apache_tomcat\Apache25\bin;C:\WINDOWS\system32;C:\WINDOWS;C:\WINDOWS\System32\Wbem;C:\WINDOWS\System32\WindowsPowerShell\v1.0\;C:\WINDOWS\System32\OpenSSH\;D:\ToolsFiels\sql server 2008\sqlserver2008File\sharex86\100\Tools\Binn\;D:\ToolsFiels\sql server 2008\sqlserver2008File\share\100\Tools\Binn\;D:\ToolsFiels\sql server 2008\sqlserver2008File\share\100\DTS\Binn\;D:\ToolsFiels\sql server 2008\sqlserver2008File\sharex86\100\Tools\Binn\VSShell\Common7\IDE\;C:\Program Files (x86)\Microsoft Visual Studio 9.0\Common7\IDE\PrivateAssemblies\;D:\ToolsFiels\sql server 2008\sqlserver2008File\sharex86\100\DTS\Binn\;D:\ToolsFiels\Nodejs;D:\ToolsFiels\rabbitmq\erl8.3\bin;D:\ToolsFiels\rabbitmq\rabbitMQ\rabbitmq-3.7\rabbitmq_server-3.7.7\sbin;D:\ToolsFiels\XMind;C:\ProgramGrADS\OpenGrADS;D:\ToolsFiels\Git\cmd;D:\ToolsFiels\SVNTortoise\bin;D:\ToolsFiels\hadoop-2.8.3\bin;D:\ToolsFiels\scala-2.10.4\bin;D:\ToolsFiels\spark-2.3.4-bin-hadoop2.7\bin;D:\ToolsFiels\hbase-2.2.1-bin\hbase-2.2.1\bin;D:\ToolsFiels\Putty\;D:\ToolsFiels\solr-8.3.0\bin;D:\ToolsFiels\HBuilderXs\HBuilderX\plugins\launcher\tools\adbs;D:\ToolsFiels\apache-activemq-5.15.13\bin;D:\idea 2019\apache-maven-3.6.3\bin;D:\idea 2019\apache-maven-3.6.3\bin;C:\Users\Lang\AppData\Local\Microsoft\WindowsApps;C:\Users\Lang\AppData\Roaming\npm;D:\ToolsFiels\Microsoft VS Code\bin;."/>
    <property name="java.vm.info" value="mixed mode"/>
    <property name="java.vendor" value="Oracle Corporation"/>
    <property name="java.vm.version" value="25.0-b70"/>
    <property name="java.ext.dirs" value="D:\ToolsFiels\jdk1.8.0\jre\lib\ext;C:\WINDOWS\Sun\Java\lib\ext"/>
    <property name="sun.io.unicode.encoding" value="UnicodeLittle"/>
    <property name="maven.repo.local" value="D:\idea 2019\repository"/>
    <property name="java.class.version" value="52.0"/>
  </properties>
  <testcase name="contextLoads" classname="com.gr.zuul.GrZuulApplicationTests" time="0.195"/>
</testsuite>